This is pdfTeX, Version 3.141592653-2.6-1.40.26 (MiKTeX 24.4) (preloaded format=pdflatex 2024.8.11)  11 NOV 2024 17:08
entering extended mode
 restricted \write18 enabled.
 file:line:error style messages enabled.
 %&-line parsing enabled.
**c:/Users/Gonzalo/Documents/GitHub/Gonza_rep/Tareapdf/tarea4.tex
(c:/Users/Gonzalo/Documents/GitHub/Gonza_rep/Tareapdf/tarea4.tex
LaTeX2e <2024-06-01> patch level 2
L3 programming layer <2024-07-20>
(C:\Users\Gonzalo\AppData\Local\Programs\MiKTeX\tex/latex/exam\exam.cls
Document Class: exam 2023/07/09 Version 2.704 by Philip Hirschhorn
(C:\Users\Gonzalo\AppData\Local\Programs\MiKTeX\tex/latex/base\ifthen.sty
Package: ifthen 2024/03/16 v1.1e Standard LaTeX ifthen package (DPC)
) (C:\Users\Gonzalo\AppData\Local\Programs\MiKTeX\tex/latex/base\article.cls
Document Class: article 2024/02/08 v1.4n Standard LaTeX document class
(C:\Users\Gonzalo\AppData\Local\Programs\MiKTeX\tex/latex/base\size11.clo
File: size11.clo 2024/02/08 v1.4n Standard LaTeX file (size option)
)
\c@part=\count194
\c@section=\count195
\c@subsection=\count196
\c@subsubsection=\count197
\c@paragraph=\count198
\c@subparagraph=\count199
\c@figure=\count266
\c@table=\count267
\abovecaptionskip=\skip49
\belowcaptionskip=\skip50
\bibindent=\dimen141
)
\@extrawidth=\skip51
\@rightmargin=\skip52
\@extrahead=\skip53
\@extrafoot=\skip54
\run@exhd=\skip55
\fp@exhd=\skip56
\run@exft=\skip57
\fp@exft=\skip58
\covrun@exhd=\skip59
\covfp@exhd=\skip60
\covrun@exft=\skip61
\covfp@exft=\skip62
\c@num@coverpages=\count268
\c@latest@ques=\count269
\c@ques@end=\count270
\c@last@object=\count271
\c@incmp@ques=\count272
\c@next@ques=\count273
\c@next@page=\count274
\c@tmp@hlfcntr=\count275
\c@ifpos@cntr=\count276
\c@question=\count277
\c@partno=\count278
\c@subpart=\count279
\c@subsubpart=\count280
\c@choice=\count281
\c@numpoints=\count282
\c@numbonuspoints=\count283
\c@pointsof@thisquestion=\count284
\c@bonuspointsof@thisquestion=\count285
\c@numquestions=\count286
\c@numparts=\count287
\c@numsubparts=\count288
\c@numsubsubparts=\count289
\c@Curr@Page=\count290
\c@@pagepoints=\count291
\c@@pagebonuspoints=\count292
\c@pageof@pagepoints=\count293
\c@pageof@pagebonuspoints=\count294
\c@latest@points=\count295
\c@latest@bonuspoints=\count296
\pageinfo@commands=\toks17
\temp@toks=\toks18
\pagepoint@commands=\toks19
\point@toks=\toks20
\c@ques@object=\count297
\marginpointssep=\skip63
\rightpointsmargin=\skip64
\choice@toks=\toks21
\answerlinelength=\skip65
\answerskip=\skip66
\answerclearance=\skip67
\fillinlinelength=\skip68
\linefillheight=\skip69
\linefillthickness=\skip70
\dottedlinefillheight=\skip71
\gridsize=\skip72
\gridlinewidth=\skip73
\minboxheight=\skip74
\c@@iterator=\count298
\@cellwidth=\skip75
\c@tbl@points=\count299
\c@tbl@bonuspoints=\count300
\c@pq@index=\count301
\c@pq@index@pts=\count302
\c@pq@index@bpts=\count303
\c@num@cols=\count304
\c@num@rows=\count305
\c@current@row=\count306
\c@cols@done=\count307
\c@exam@saved@eqnum=\count308
\exam@box=\box52
\saved@totalleftmargin=\dimen142
\@sollistdepth=\count309
\exam@FrameRule=\dimen143
\exam@FrameSep=\dimen144
) (../tarea.sty

LaTeX Warning: You have requested package `../tarea',
               but the package provides `mystyle'.

Package: mystyle 
(C:\Users\Gonzalo\AppData\Local\Programs\MiKTeX\tex/latex/graphics\graphicx.sty
Package: graphicx 2021/09/16 v1.2d Enhanced LaTeX Graphics (DPC,SPQR)
 (C:\Users\Gonzalo\AppData\Local\Programs\MiKTeX\tex/latex/graphics\keyval.sty
Package: keyval 2022/05/29 v1.15 key=value parser (DPC)
\KV@toks@=\toks22
) (C:\Users\Gonzalo\AppData\Local\Programs\MiKTeX\tex/latex/graphics\graphics.sty
Package: graphics 2024/05/23 v1.4g Standard LaTeX Graphics (DPC,SPQR)
 (C:\Users\Gonzalo\AppData\Local\Programs\MiKTeX\tex/latex/graphics\trig.sty
Package: trig 2023/12/02 v1.11 sin cos tan (DPC)
) (C:\Users\Gonzalo\AppData\Local\Programs\MiKTeX\tex/latex/graphics-cfg\graphics.cfg
File: graphics.cfg 2016/06/04 v1.11 sample graphics configuration
)
Package graphics Info: Driver file: pdftex.def on input line 106.
 (C:\Users\Gonzalo\AppData\Local\Programs\MiKTeX\tex/latex/graphics-def\pdftex.def
File: pdftex.def 2024/04/13 v1.2c Graphics/color driver for pdftex
))
\Gin@req@height=\dimen145
\Gin@req@width=\dimen146
) (C:\Users\Gonzalo\AppData\Local\Programs\MiKTeX\tex/latex/geometry\geometry.sty
Package: geometry 2020/01/02 v5.9 Page Geometry
 (C:\Users\Gonzalo\AppData\Local\Programs\MiKTeX\tex/generic/iftex\ifvtex.sty
Package: ifvtex 2019/10/25 v1.7 ifvtex legacy package. Use iftex instead.
 (C:\Users\Gonzalo\AppData\Local\Programs\MiKTeX\tex/generic/iftex\iftex.sty
Package: iftex 2022/02/03 v1.0f TeX engine tests
))
\Gm@cnth=\count310
\Gm@cntv=\count311
\c@Gm@tempcnt=\count312
\Gm@bindingoffset=\dimen147
\Gm@wd@mp=\dimen148
\Gm@odd@mp=\dimen149
\Gm@even@mp=\dimen150
\Gm@layoutwidth=\dimen151
\Gm@layoutheight=\dimen152
\Gm@layouthoffset=\dimen153
\Gm@layoutvoffset=\dimen154
\Gm@dimlist=\toks23
 (C:\Users\Gonzalo\AppData\Local\Programs\MiKTeX\tex/latex/geometry\geometry.cfg)) (C:\Users\Gonzalo\AppData\Local\Programs\MiKTeX\tex/latex/lipsum\lipsum.sty (C:\Users\Gonzalo\AppData\Local\Programs\MiKTeX\tex/latex/l3packages/l3keys2e\l3keys2e.sty (C:\Users\Gonzalo\AppData\Local\Programs\MiKTeX\tex/latex/l3kernel\expl3.sty
Package: expl3 2024-07-20 L3 programming layer (loader) 
 (C:\Users\Gonzalo\AppData\Local\Programs\MiKTeX\tex/latex/l3backend\l3backend-pdftex.def
File: l3backend-pdftex.def 2024-05-08 L3 backend support: PDF output (pdfTeX)
\l__color_backend_stack_int=\count313
\l__pdf_internal_box=\box53
))
Package: l3keys2e 2024-05-08 LaTeX2e option processing using LaTeX3 keys
)
Package: lipsum 2021-09-20 v2.7 150 paragraphs of Lorem Ipsum dummy text
\g__lipsum_par_int=\count314
\l__lipsum_a_int=\count315
\l__lipsum_b_int=\count316
 (C:\Users\Gonzalo\AppData\Local\Programs\MiKTeX\tex/latex/lipsum\lipsum.ltd.tex)) (C:\Users\Gonzalo\AppData\Local\Programs\MiKTeX\tex/latex/base\inputenc.sty
Package: inputenc 2024/02/08 v1.3d Input encoding file
\inpenc@prehook=\toks24
\inpenc@posthook=\toks25
) (C:\Users\Gonzalo\AppData\Local\Programs\MiKTeX\tex/generic/babel\babel.sty
Package: babel 2024/06/26 v24.7 The Babel package
\babel@savecnt=\count317
\U@D=\dimen155
\l@unhyphenated=\language79
 (C:\Users\Gonzalo\AppData\Local\Programs\MiKTeX\tex/generic/babel\txtbabel.def)
\bbl@readstream=\read2
\bbl@dirlevel=\count318

*************************************
* Local config file bblopts.cfg used
*
(C:\Users\Gonzalo\AppData\Local\Programs\MiKTeX\tex/latex/arabi\bblopts.cfg
File: bblopts.cfg 2005/09/08 v0.1 add Arabic and Farsi to "declared" options of babel
) (C:\Users\Gonzalo\AppData\Local\Programs\MiKTeX\tex/latex/babel-spanish\spanish.ldf
Language: spanish.ldf 2021/05/27 v5.0q Spanish support from the babel system
\es@quottoks=\toks26
\es@quotdepth=\count319
Package babel Info: Making " an active character on input line 570.
Package babel Info: Making . an active character on input line 675.
Package babel Info: Making < an active character on input line 722.
Package babel Info: Making > an active character on input line 722.
)) (C:\Users\Gonzalo\AppData\Local\Programs\MiKTeX\tex/generic/babel/locale/es\babel-spanish.tex
Package babel Info: Importing font and identification data for spanish
(babel)             from babel-es.ini. Reported on input line 11.
) (C:\Users\Gonzalo\AppData\Local\Programs\MiKTeX\tex/latex/amsmath\amsmath.sty
Package: amsmath 2024/05/23 v2.17q AMS math features
\@mathmargin=\skip76

For additional information on amsmath, use the `?' option.
(C:\Users\Gonzalo\AppData\Local\Programs\MiKTeX\tex/latex/amsmath\amstext.sty
Package: amstext 2021/08/26 v2.01 AMS text
 (C:\Users\Gonzalo\AppData\Local\Programs\MiKTeX\tex/latex/amsmath\amsgen.sty
File: amsgen.sty 1999/11/30 v2.0 generic functions
\@emptytoks=\toks27
\ex@=\dimen156
)) (C:\Users\Gonzalo\AppData\Local\Programs\MiKTeX\tex/latex/amsmath\amsbsy.sty
Package: amsbsy 1999/11/29 v1.2d Bold Symbols
\pmbraise@=\dimen157
) (C:\Users\Gonzalo\AppData\Local\Programs\MiKTeX\tex/latex/amsmath\amsopn.sty
Package: amsopn 2022/04/08 v2.04 operator names
)
\inf@bad=\count320
LaTeX Info: Redefining \frac on input line 233.
\uproot@=\count321
\leftroot@=\count322
LaTeX Info: Redefining \overline on input line 398.
LaTeX Info: Redefining \colon on input line 409.
\classnum@=\count323
\DOTSCASE@=\count324
LaTeX Info: Redefining \ldots on input line 495.
LaTeX Info: Redefining \dots on input line 498.
LaTeX Info: Redefining \cdots on input line 619.
\Mathstrutbox@=\box54
\strutbox@=\box55
LaTeX Info: Redefining \big on input line 721.
LaTeX Info: Redefining \Big on input line 722.
LaTeX Info: Redefining \bigg on input line 723.
LaTeX Info: Redefining \Bigg on input line 724.
\big@size=\dimen158
LaTeX Font Info:    Redeclaring font encoding OML on input line 742.
LaTeX Font Info:    Redeclaring font encoding OMS on input line 743.
\macc@depth=\count325
LaTeX Info: Redefining \bmod on input line 904.
LaTeX Info: Redefining \pmod on input line 909.
LaTeX Info: Redefining \smash on input line 939.
LaTeX Info: Redefining \relbar on input line 969.
LaTeX Info: Redefining \Relbar on input line 970.
\c@MaxMatrixCols=\count326
\dotsspace@=\muskip17
\c@parentequation=\count327
\dspbrk@lvl=\count328
\tag@help=\toks28
\row@=\count329
\column@=\count330
\maxfields@=\count331
\andhelp@=\toks29
\eqnshift@=\dimen159
\alignsep@=\dimen160
\tagshift@=\dimen161
\tagwidth@=\dimen162
\totwidth@=\dimen163
\lineht@=\dimen164
\@envbody=\toks30
\multlinegap=\skip77
\multlinetaggap=\skip78
\mathdisplay@stack=\toks31
LaTeX Info: Redefining \[ on input line 2953.
LaTeX Info: Redefining \] on input line 2954.
) (C:\Users\Gonzalo\AppData\Local\Programs\MiKTeX\tex/latex/amsfonts\amsfonts.sty
Package: amsfonts 2013/01/14 v3.01 Basic AMSFonts support
\symAMSa=\mathgroup4
\symAMSb=\mathgroup5
LaTeX Font Info:    Redeclaring math symbol \hbar on input line 98.
LaTeX Font Info:    Overwriting math alphabet `\mathfrak' in version `bold'
(Font)                  U/euf/m/n --> U/euf/b/n on input line 106.
) (C:\Users\Gonzalo\AppData\Local\Programs\MiKTeX\tex/latex/amsfonts\amssymb.sty
Package: amssymb 2013/01/14 v3.01 AMS font symbols
) (C:\Users\Gonzalo\AppData\Local\Programs\MiKTeX\tex/latex/mdframed\mdframed.sty
Package: mdframed 2013/07/01 1.9b: mdframed
 (C:\Users\Gonzalo\AppData\Local\Programs\MiKTeX\tex/latex/kvoptions\kvoptions.sty
Package: kvoptions 2022-06-15 v3.15 Key value format for package options (HO)
 (C:\Users\Gonzalo\AppData\Local\Programs\MiKTeX\tex/generic/ltxcmds\ltxcmds.sty
Package: ltxcmds 2023-12-04 v1.26 LaTeX kernel commands for general use (HO)
) (C:\Users\Gonzalo\AppData\Local\Programs\MiKTeX\tex/latex/kvsetkeys\kvsetkeys.sty
Package: kvsetkeys 2022-10-05 v1.19 Key value parser (HO)
)) (C:\Users\Gonzalo\AppData\Local\Programs\MiKTeX\tex/latex/l3packages/xparse\xparse.sty
Package: xparse 2024-05-08 L3 Experimental document command parser
) (C:\Users\Gonzalo\AppData\Local\Programs\MiKTeX\tex/latex/etoolbox\etoolbox.sty
Package: etoolbox 2020/10/05 v2.5k e-TeX tools for LaTeX (JAW)
\etb@tempcnta=\count332
) (C:\Users\Gonzalo\AppData\Local\Programs\MiKTeX\tex/latex/zref\zref-abspage.sty
Package: zref-abspage 2023-09-14 v2.35 Module abspage for zref (HO)
 (C:\Users\Gonzalo\AppData\Local\Programs\MiKTeX\tex/latex/zref\zref-base.sty
Package: zref-base 2023-09-14 v2.35 Module base for zref (HO)
 (C:\Users\Gonzalo\AppData\Local\Programs\MiKTeX\tex/generic/infwarerr\infwarerr.sty
Package: infwarerr 2019/12/03 v1.5 Providing info/warning/error messages (HO)
) (C:\Users\Gonzalo\AppData\Local\Programs\MiKTeX\tex/generic/kvdefinekeys\kvdefinekeys.sty
Package: kvdefinekeys 2019-12-19 v1.6 Define keys (HO)
) (C:\Users\Gonzalo\AppData\Local\Programs\MiKTeX\tex/generic/pdftexcmds\pdftexcmds.sty
Package: pdftexcmds 2020-06-27 v0.33 Utility functions of pdfTeX for LuaTeX (HO)
Package pdftexcmds Info: \pdf@primitive is available.
Package pdftexcmds Info: \pdf@ifprimitive is available.
Package pdftexcmds Info: \pdfdraftmode found.
) (C:\Users\Gonzalo\AppData\Local\Programs\MiKTeX\tex/generic/etexcmds\etexcmds.sty
Package: etexcmds 2019/12/15 v1.7 Avoid name clashes with e-TeX commands (HO)
) (C:\Users\Gonzalo\AppData\Local\Programs\MiKTeX\tex/latex/auxhook\auxhook.sty
Package: auxhook 2019-12-17 v1.6 Hooks for auxiliary files (HO)
)
Package zref Info: New property list: main on input line 767.
Package zref Info: New property: default on input line 768.
Package zref Info: New property: page on input line 769.
)
\c@abspage=\count333
Package zref Info: New property: abspage on input line 67.
) (C:\Users\Gonzalo\AppData\Local\Programs\MiKTeX\tex/latex/needspace\needspace.sty
Package: needspace 2010/09/12 v1.3d reserve vertical space
) (C:\Users\Gonzalo\AppData\Local\Programs\MiKTeX\tex/latex/graphics\color.sty
Package: color 2024/01/14 v1.3d Standard LaTeX Color (DPC)
 (C:\Users\Gonzalo\AppData\Local\Programs\MiKTeX\tex/latex/graphics-cfg\color.cfg
File: color.cfg 2016/01/02 v1.6 sample color configuration
)
Package color Info: Driver file: pdftex.def on input line 149.
 (C:\Users\Gonzalo\AppData\Local\Programs\MiKTeX\tex/latex/graphics\mathcolor.ltx))
\mdf@templength=\skip79
\c@mdf@globalstyle@cnt=\count334
\mdf@skipabove@length=\skip80
\mdf@skipbelow@length=\skip81
\mdf@leftmargin@length=\skip82
\mdf@rightmargin@length=\skip83
\mdf@innerleftmargin@length=\skip84
\mdf@innerrightmargin@length=\skip85
\mdf@innertopmargin@length=\skip86
\mdf@innerbottommargin@length=\skip87
\mdf@splittopskip@length=\skip88
\mdf@splitbottomskip@length=\skip89
\mdf@outermargin@length=\skip90
\mdf@innermargin@length=\skip91
\mdf@linewidth@length=\skip92
\mdf@innerlinewidth@length=\skip93
\mdf@middlelinewidth@length=\skip94
\mdf@outerlinewidth@length=\skip95
\mdf@roundcorner@length=\skip96
\mdf@footenotedistance@length=\skip97
\mdf@userdefinedwidth@length=\skip98
\mdf@needspace@length=\skip99
\mdf@frametitleaboveskip@length=\skip100
\mdf@frametitlebelowskip@length=\skip101
\mdf@frametitlerulewidth@length=\skip102
\mdf@frametitleleftmargin@length=\skip103
\mdf@frametitlerightmargin@length=\skip104
\mdf@shadowsize@length=\skip105
\mdf@extratopheight@length=\skip106
\mdf@subtitleabovelinewidth@length=\skip107
\mdf@subtitlebelowlinewidth@length=\skip108
\mdf@subtitleaboveskip@length=\skip109
\mdf@subtitlebelowskip@length=\skip110
\mdf@subtitleinneraboveskip@length=\skip111
\mdf@subtitleinnerbelowskip@length=\skip112
\mdf@subsubtitleabovelinewidth@length=\skip113
\mdf@subsubtitlebelowlinewidth@length=\skip114
\mdf@subsubtitleaboveskip@length=\skip115
\mdf@subsubtitlebelowskip@length=\skip116
\mdf@subsubtitleinneraboveskip@length=\skip117
\mdf@subsubtitleinnerbelowskip@length=\skip118
 (C:\Users\Gonzalo\AppData\Local\Programs\MiKTeX\tex/latex/mdframed\md-frame-0.mdf
File: md-frame-0.mdf 2013/07/01\ 1.9b: md-frame-0
)
\mdf@frametitlebox=\box56
\mdf@footnotebox=\box57
\mdf@splitbox@one=\box58
\mdf@splitbox@two=\box59
\mdf@splitbox@save=\box60
\mdfsplitboxwidth=\skip119
\mdfsplitboxtotalwidth=\skip120
\mdfsplitboxheight=\skip121
\mdfsplitboxdepth=\skip122
\mdfsplitboxtotalheight=\skip123
\mdfframetitleboxwidth=\skip124
\mdfframetitleboxtotalwidth=\skip125
\mdfframetitleboxheight=\skip126
\mdfframetitleboxdepth=\skip127
\mdfframetitleboxtotalheight=\skip128
\mdffootnoteboxwidth=\skip129
\mdffootnoteboxtotalwidth=\skip130
\mdffootnoteboxheight=\skip131
\mdffootnoteboxdepth=\skip132
\mdffootnoteboxtotalheight=\skip133
\mdftotallinewidth=\skip134
\mdfboundingboxwidth=\skip135
\mdfboundingboxtotalwidth=\skip136
\mdfboundingboxheight=\skip137
\mdfboundingboxdepth=\skip138
\mdfboundingboxtotalheight=\skip139
\mdf@freevspace@length=\skip140
\mdf@horizontalwidthofbox@length=\skip141
\mdf@verticalmarginwhole@length=\skip142
\mdf@horizontalspaceofbox=\skip143
\mdfsubtitleheight=\skip144
\mdfsubsubtitleheight=\skip145
\c@mdfcountframes=\count335

****** mdframed patching \endmdf@trivlist

****** -- success******

\mdf@envdepth=\count336
\c@mdf@env@i=\count337
\c@mdf@env@ii=\count338
\c@mdf@zref@counter=\count339
Package zref Info: New property: mdf@pagevalue on input line 895.
)) (tarea4.aux
LaTeX Info: Redefining \. on input line 9.
LaTeX Info: Redefining \% on input line 9.
)
\openout1 = `tarea4.aux'.

LaTeX Font Info:    Checking defaults for OML/cmm/m/it on input line 10.
LaTeX Font Info:    ... okay on input line 10.
LaTeX Font Info:    Checking defaults for OMS/cmsy/m/n on input line 10.
LaTeX Font Info:    ... okay on input line 10.
LaTeX Font Info:    Checking defaults for OT1/cmr/m/n on input line 10.
LaTeX Font Info:    ... okay on input line 10.
LaTeX Font Info:    Checking defaults for T1/cmr/m/n on input line 10.
LaTeX Font Info:    ... okay on input line 10.
LaTeX Font Info:    Checking defaults for TS1/cmr/m/n on input line 10.
LaTeX Font Info:    ... okay on input line 10.
LaTeX Font Info:    Checking defaults for OMX/cmex/m/n on input line 10.
LaTeX Font Info:    ... okay on input line 10.
LaTeX Font Info:    Checking defaults for U/cmr/m/n on input line 10.
LaTeX Font Info:    ... okay on input line 10.
 (C:\Users\Gonzalo\AppData\Local\Programs\MiKTeX\tex/context/base/mkii\supp-pdf.mkii
[Loading MPS to PDF converter (version 2006.09.02).]
\scratchcounter=\count340
\scratchdimen=\dimen165
\scratchbox=\box61
\nofMPsegments=\count341
\nofMParguments=\count342
\everyMPshowfont=\toks32
\MPscratchCnt=\count343
\MPscratchDim=\dimen166
\MPnumerator=\count344
\makeMPintoPDFobject=\count345
\everyMPtoPDFconversion=\toks33
) (C:\Users\Gonzalo\AppData\Local\Programs\MiKTeX\tex/latex/epstopdf-pkg\epstopdf-base.sty
Package: epstopdf-base 2020-01-24 v2.11 Base part for package epstopdf
Package epstopdf-base Info: Redefining graphics rule for `.eps' on input line 485.
 (C:\Users\Gonzalo\AppData\Local\Programs\MiKTeX\tex/latex/00miktex\epstopdf-sys.cfg
File: epstopdf-sys.cfg 2021/03/18 v2.0 Configuration of epstopdf for MiKTeX
))
*geometry* driver: auto-detecting
*geometry* detected driver: pdftex
*geometry* verbose mode - [ preamble ] result:
* driver: pdftex
* paper: letterpaper
* layout: <same size as paper>
* layoutoffset:(h,v)=(0.0pt,0.0pt)
* modes: 
* h-part:(L,W,R)=(72.26999pt, 469.75502pt, 72.26999pt)
* v-part:(T,H,B)=(72.26999pt, 650.43001pt, 72.26999pt)
* \paperwidth=614.295pt
* \paperheight=794.96999pt
* \textwidth=469.75502pt
* \textheight=650.43001pt
* \oddsidemargin=0.0pt
* \evensidemargin=0.0pt
* \topmargin=-30.0pt
* \headheight=15.0pt
* \headsep=15.0pt
* \topskip=11.0pt
* \footskip=29.0pt
* \marginparwidth=36.135pt
* \marginparsep=5.0pt
* \columnsep=10.0pt
* \skip\footins=10.0pt plus 4.0pt minus 2.0pt
* \hoffset=0.0pt
* \voffset=0.0pt
* \mag=1000
* \@twocolumnfalse
* \@twosidefalse
* \@mparswitchfalse
* \@reversemarginfalse
* (1in=72.27pt=25.4mm, 1cm=28.453pt)

LaTeX Info: Redefining \. on input line 10.
LaTeX Info: Redefining \% on input line 10.
<../fcfm_die.pdf, id=1, 737.75626pt x 238.8925pt>
File: ../fcfm_die.pdf Graphic file (type pdf)
<use ../fcfm_die.pdf>
Package pdftex.def Info: ../fcfm_die.pdf  used on input line 12.
(pdftex.def)             Requested size: 197.29623pt x 63.88579pt.
LaTeX Font Info:    Trying to load font information for U+msa on input line 13.
(C:\Users\Gonzalo\AppData\Local\Programs\MiKTeX\tex/latex/amsfonts\umsa.fd
File: umsa.fd 2013/01/14 v3.01 AMS symbols A
)
LaTeX Font Info:    Trying to load font information for U+msb on input line 13.
 (C:\Users\Gonzalo\AppData\Local\Programs\MiKTeX\tex/latex/amsfonts\umsb.fd
File: umsb.fd 2013/01/14 v3.01 AMS symbols B
)

[1

{C:/Users/Gonzalo/AppData/Local/MiKTeX/fonts/map/pdftex/pdftex.map} <../fcfm_die.pdf>]

[2]
Overfull \hbox (17.12085pt too wide) detected at line 103
 []$[]\OT1/cmr/m/n/10.95 0[]17 \OMS/cmsy/m/n/10.95 ^^B \OT1/cmr/m/n/10.95 (\OMS/cmsy/m/n/10.95 ^^@\OT1/cmr/m/n/10.95 2[]5699) + 0[]22 \OMS/cmsy/m/n/10.95 ^^B \OT1/cmr/m/n/10.95 (\OMS/cmsy/m/n/10.95 ^^@\OT1/cmr/m/n/10.95 2[]1844) + 0[]05 \OMS/cmsy/m/n/10.95 ^^B \OT1/cmr/m/n/10.95 (\OMS/cmsy/m/n/10.95 ^^@\OT1/cmr/m/n/10.95 4[]3219) + 0[]15 \OMS/cmsy/m/n/10.95 ^^B \OT1/cmr/m/n/10.95 (\OMS/cmsy/m/n/10.95 ^^@\OT1/cmr/m/n/10.95 2[]7370) + 0[]11 \OMS/cmsy/m/n/10.95 ^^B \OT1/cmr/m/n/10.95 (\OMS/cmsy/m/n/10.95 ^^@\OT1/cmr/m/n/10.95 3[]1898))$ []  
 []


Overfull \hbox (1.41115pt too wide) in paragraph at lines 109--110
[]\OT1/cmr/m/n/10.95 Para cal-cu-lar la auto-informaci^^Son de los men-sa-jes $\OML/cmm/m/it/10.95 X \OT1/cmr/m/n/10.95 = \OMS/cmsy/m/n/10.95 f\OML/cmm/m/it/10.95 A; C; E; G\OMS/cmsy/m/n/10.95 g$\OT1/cmr/m/n/10.95 , $\OML/cmm/m/it/10.95 W \OT1/cmr/m/n/10.95 = \OMS/cmsy/m/n/10.95 f\OML/cmm/m/it/10.95 B; D; F; H\OMS/cmsy/m/n/10.95 g$
 []



[3]

[4]
Overfull \hbox (6.66794pt too wide) in paragraph at lines 239--241
\OT1/cmr/m/n/10.95 na-da por pa-la-bras es-pec^^S^^Pfi-cas co-mo ``es-tu-dian-te'', ``uni-ver-si-dad'', ``in-ge-nier^^S^^Pa'', ``electr^^Soni-
 []


Overfull \hbox (137.75371pt too wide) in paragraph at lines 276--276
 []        \OT1/cmtt/m/n/10.95 return -sum(np.log2(probabilidades[letra.upper()]) for letra in palabra) / len(palabra)[] 
 []


Overfull \hbox (80.26683pt too wide) in paragraph at lines 276--276
 []    \OT1/cmtt/m/n/10.95 info_palabras = {palabra: calcular_info_palabra(palabra) for palabra in palabras}[] 
 []



[5]

[6]
Overfull \hbox (114.75896pt too wide) in paragraph at lines 315--315
 []    \OT1/cmtt/m/n/10.95 'c': 0.02, 'd': 0.02, 'f': 0.02, 'l': 0.02, 'm': 0.02, 'p': 0.02, 'u': 0.02, 'y': 0.02,[] 
 []


Overfull \hbox (172.24583pt too wide) in paragraph at lines 315--315
 []    \OT1/cmtt/m/n/10.95 'b': 0.01, 'g': 0.01, 'j': 0.01, 'k': 0.01, 'q': 0.01, 'v': 0.01, 'w': 0.01, 'x': 0.01, 'z': 0.01[] 
 []


Overfull \hbox (11.28258pt too wide) in paragraph at lines 315--315
 []    \OT1/cmtt/m/n/10.95 # Calcula la suma ponderada de la auto-informaci^^Son para cada car^^Sacter[] 
 []


Overfull \hbox (40.02602pt too wide) in paragraph at lines 315--315
 []    \OT1/cmtt/m/n/10.95 promedio_ponderado = sum(-p * np.log2(p) for p in probabilidades.values())[] 
 []


Overfull \hbox (40.02602pt too wide) in paragraph at lines 315--315
 []\OT1/cmtt/m/n/10.95 promedio_ponderado_ingles = calcular_promedio_ponderado(probabilidades_ingles)[] 
 []



[7]

[8]
This exam contains 7 questions with 10 parts, 0 subparts, and 0 subsubparts.
(tarea4.aux
LaTeX Info: Redefining \. on input line 9.
LaTeX Info: Redefining \% on input line 9.
)
 ***********
LaTeX2e <2024-06-01> patch level 2
L3 programming layer <2024-07-20>
 ***********
 ) 
Here is how much of TeX's memory you used:
 8013 strings out of 473898
 135014 string characters out of 5725535
 1948960 words of memory out of 5000000
 30760 multiletter control sequences out of 15000+600000
 564144 words of font info for 59 fonts, out of 8000000 for 9000
 1141 hyphenation exceptions out of 8191
 94i,9n,107p,846b,436s stack positions out of 10000i,1000n,20000p,200000b,200000s
<C:/Users/Gonzalo/AppData/Local/Programs/MiKTeX/fonts/type1/public/amsfonts/cm/cmbx10.pfb><C:/Users/Gonzalo/AppData/Local/Programs/MiKTeX/fonts/type1/public/amsfonts/cm/cmbx12.pfb><C:/Users/Gonzalo/AppData/Local/Programs/MiKTeX/fonts/type1/public/amsfonts/cm/cmex10.pfb><C:/Users/Gonzalo/AppData/Local/Programs/MiKTeX/fonts/type1/public/amsfonts/cm/cmmi10.pfb><C:/Users/Gonzalo/AppData/Local/Programs/MiKTeX/fonts/type1/public/amsfonts/cm/cmmi6.pfb><C:/Users/Gonzalo/AppData/Local/Programs/MiKTeX/fonts/type1/public/amsfonts/cm/cmmi8.pfb><C:/Users/Gonzalo/AppData/Local/Programs/MiKTeX/fonts/type1/public/amsfonts/cm/cmr10.pfb><C:/Users/Gonzalo/AppData/Local/Programs/MiKTeX/fonts/type1/public/amsfonts/cm/cmr12.pfb><C:/Users/Gonzalo/AppData/Local/Programs/MiKTeX/fonts/type1/public/amsfonts/cm/cmr8.pfb><C:/Users/Gonzalo/AppData/Local/Programs/MiKTeX/fonts/type1/public/amsfonts/cm/cmsy10.pfb><C:/Users/Gonzalo/AppData/Local/Programs/MiKTeX/fonts/type1/public/amsfonts/cm/cmsy8.pfb><C:/Users/Gonzalo/AppData/Local/Programs/MiKTeX/fonts/type1/public/amsfonts/cm/cmti10.pfb><C:/Users/Gonzalo/AppData/Local/Programs/MiKTeX/fonts/type1/public/amsfonts/cm/cmtt10.pfb>
Output written on tarea4.pdf (8 pages, 258960 bytes).
PDF statistics:
 97 PDF objects out of 1000 (max. 8388607)
 0 named destinations out of 1000 (max. 500000)
 6 words of extra memory for PDF output out of 10000 (max. 10000000)

